[0.399s] Invoking command in '/home/harish/ros2_ws/src/mobile_description': PYTHONPATH=/home/harish/ros2_ws/build/mobile_description/prefix_override:/home/harish/ros2_ws/install/mobile_description/lib/python3.10/site-packages:${PYTHONPATH} /usr/bin/python3 setup.py egg_info --egg-base ../../build/mobile_description build --build-base /home/harish/ros2_ws/build/mobile_description/build install --record /home/harish/ros2_ws/build/mobile_description/install.log --single-version-externally-managed
[0.526s] running egg_info
[0.526s] writing ../../build/mobile_description/mobile_description.egg-info/PKG-INFO
[0.526s] writing dependency_links to ../../build/mobile_description/mobile_description.egg-info/dependency_links.txt
[0.526s] writing entry points to ../../build/mobile_description/mobile_description.egg-info/entry_points.txt
[0.526s] writing requirements to ../../build/mobile_description/mobile_description.egg-info/requires.txt
[0.526s] writing top-level names to ../../build/mobile_description/mobile_description.egg-info/top_level.txt
[0.528s] reading manifest file '../../build/mobile_description/mobile_description.egg-info/SOURCES.txt'
[0.528s] writing manifest file '../../build/mobile_description/mobile_description.egg-info/SOURCES.txt'
[0.528s] running build
[0.528s] running build_py
[0.528s] running install
[0.528s] running install_lib
[0.529s] running install_data
[0.529s] copying config/my_controllers.yaml -> /home/harish/ros2_ws/install/mobile_description/share/mobile_description/config
[0.530s] running install_egg_info
[0.530s] removing '/home/harish/ros2_ws/install/mobile_description/lib/python3.10/site-packages/mobile_description-0.0.0-py3.10.egg-info' (and everything under it)
[0.531s] Copying ../../build/mobile_description/mobile_description.egg-info to /home/harish/ros2_ws/install/mobile_description/lib/python3.10/site-packages/mobile_description-0.0.0-py3.10.egg-info
[0.531s] running install_scripts
[0.542s] writing list of installed files to '/home/harish/ros2_ws/build/mobile_description/install.log'
[0.557s] Invoked command in '/home/harish/ros2_ws/src/mobile_description' returned '0': PYTHONPATH=/home/harish/ros2_ws/build/mobile_description/prefix_override:/home/harish/ros2_ws/install/mobile_description/lib/python3.10/site-packages:${PYTHONPATH} /usr/bin/python3 setup.py egg_info --egg-base ../../build/mobile_description build --build-base /home/harish/ros2_ws/build/mobile_description/build install --record /home/harish/ros2_ws/build/mobile_description/install.log --single-version-externally-managed
