[0.400s] Invoking command in '/home/harish/ros2_ws/build/mobile_description': PYTHONPATH=/home/harish/ros2_ws/build/mobile_description/prefix_override:/home/harish/ros2_ws/install/mobile_description/lib/python3.10/site-packages:${PYTHONPATH} /usr/bin/python3 setup.py develop --uninstall --editable --build-directory /home/harish/ros2_ws/build/mobile_description/build
[0.539s] running develop
[0.617s] Removing /home/harish/ros2_ws/install/mobile_description/lib/python3.10/site-packages/mobile-description.egg-link (link to .)
[0.635s] Invoked command in '/home/harish/ros2_ws/build/mobile_description' returned '0': PYTHONPATH=/home/harish/ros2_ws/build/mobile_description/prefix_override:/home/harish/ros2_ws/install/mobile_description/lib/python3.10/site-packages:${PYTHONPATH} /usr/bin/python3 setup.py develop --uninstall --editable --build-directory /home/harish/ros2_ws/build/mobile_description/build
[0.636s] Invoking command in '/home/harish/ros2_ws/src/mobile_description': PYTHONPATH=/home/harish/ros2_ws/build/mobile_description/prefix_override:/home/harish/ros2_ws/install/mobile_description/lib/python3.10/site-packages:${PYTHONPATH} /usr/bin/python3 setup.py egg_info --egg-base ../../build/mobile_description build --build-base /home/harish/ros2_ws/build/mobile_description/build install --record /home/harish/ros2_ws/build/mobile_description/install.log --single-version-externally-managed
[0.765s] running egg_info
[0.765s] writing ../../build/mobile_description/mobile_description.egg-info/PKG-INFO
[0.765s] writing dependency_links to ../../build/mobile_description/mobile_description.egg-info/dependency_links.txt
[0.765s] writing entry points to ../../build/mobile_description/mobile_description.egg-info/entry_points.txt
[0.765s] writing requirements to ../../build/mobile_description/mobile_description.egg-info/requires.txt
[0.765s] writing top-level names to ../../build/mobile_description/mobile_description.egg-info/top_level.txt
[0.766s] reading manifest file '../../build/mobile_description/mobile_description.egg-info/SOURCES.txt'
[0.766s] writing manifest file '../../build/mobile_description/mobile_description.egg-info/SOURCES.txt'
[0.766s] running build
[0.767s] running build_py
[0.767s] running install
[0.767s] running install_lib
[0.767s] creating /home/harish/ros2_ws/install/mobile_description/lib/python3.10/site-packages/mobile_description
[0.767s] copying /home/harish/ros2_ws/build/mobile_description/build/lib/mobile_description/__init__.py -> /home/harish/ros2_ws/install/mobile_description/lib/python3.10/site-packages/mobile_description
[0.767s] byte-compiling /home/harish/ros2_ws/install/mobile_description/lib/python3.10/site-packages/mobile_description/__init__.py to __init__.cpython-310.pyc
[0.767s] running install_data
[0.768s] running install_egg_info
[0.769s] Copying ../../build/mobile_description/mobile_description.egg-info to /home/harish/ros2_ws/install/mobile_description/lib/python3.10/site-packages/mobile_description-0.0.0-py3.10.egg-info
[0.769s] running install_scripts
[0.780s] writing list of installed files to '/home/harish/ros2_ws/build/mobile_description/install.log'
[0.796s] Invoked command in '/home/harish/ros2_ws/src/mobile_description' returned '0': PYTHONPATH=/home/harish/ros2_ws/build/mobile_description/prefix_override:/home/harish/ros2_ws/install/mobile_description/lib/python3.10/site-packages:${PYTHONPATH} /usr/bin/python3 setup.py egg_info --egg-base ../../build/mobile_description build --build-base /home/harish/ros2_ws/build/mobile_description/build install --record /home/harish/ros2_ws/build/mobile_description/install.log --single-version-externally-managed
