running egg_info
creating ../../build/mobile_description/mobile_description.egg-info
writing ../../build/mobile_description/mobile_description.egg-info/PKG-INFO
writing dependency_links to ../../build/mobile_description/mobile_description.egg-info/dependency_links.txt
writing entry points to ../../build/mobile_description/mobile_description.egg-info/entry_points.txt
writing requirements to ../../build/mobile_description/mobile_description.egg-info/requires.txt
writing top-level names to ../../build/mobile_description/mobile_description.egg-info/top_level.txt
writing manifest file '../../build/mobile_description/mobile_description.egg-info/SOURCES.txt'
reading manifest file '../../build/mobile_description/mobile_description.egg-info/SOURCES.txt'
writing manifest file '../../build/mobile_description/mobile_description.egg-info/SOURCES.txt'
running build
running build_py
creating /home/harish/ros2_ws/build/mobile_description/build
creating /home/harish/ros2_ws/build/mobile_description/build/lib
creating /home/harish/ros2_ws/build/mobile_description/build/lib/mobile_description
copying mobile_description/__init__.py -> /home/harish/ros2_ws/build/mobile_description/build/lib/mobile_description
running install
running install_lib
creating /home/harish/ros2_ws/install/mobile_description/lib/python3.10/site-packages/mobile_description
copying /home/harish/ros2_ws/build/mobile_description/build/lib/mobile_description/__init__.py -> /home/harish/ros2_ws/install/mobile_description/lib/python3.10/site-packages/mobile_description
byte-compiling /home/harish/ros2_ws/install/mobile_description/lib/python3.10/site-packages/mobile_description/__init__.py to __init__.cpython-310.pyc
running install_data
creating /home/harish/ros2_ws/install/mobile_description/share/mobile_description/launch
copying launch/gazebo.launch.py -> /home/harish/ros2_ws/install/mobile_description/share/mobile_description/launch
copying launch/display.launch.py -> /home/harish/ros2_ws/install/mobile_description/share/mobile_description/launch
creating /home/harish/ros2_ws/install/mobile_description/share/mobile_description/urdf
copying urdf/mobile.trans -> /home/harish/ros2_ws/install/mobile_description/share/mobile_description/urdf
copying urdf/mobile.gazebo -> /home/harish/ros2_ws/install/mobile_description/share/mobile_description/urdf
copying urdf/ros2_control.xacro -> /home/harish/ros2_ws/install/mobile_description/share/mobile_description/urdf
copying urdf/materials.xacro -> /home/harish/ros2_ws/install/mobile_description/share/mobile_description/urdf
copying urdf/mobile.xacro -> /home/harish/ros2_ws/install/mobile_description/share/mobile_description/urdf
creating /home/harish/ros2_ws/install/mobile_description/share/mobile_description/meshes
copying meshes/base_link.stl -> /home/harish/ros2_ws/install/mobile_description/share/mobile_description/meshes
copying meshes/left_wheel_1.stl -> /home/harish/ros2_ws/install/mobile_description/share/mobile_description/meshes
copying meshes/right_wheel_1.stl -> /home/harish/ros2_ws/install/mobile_description/share/mobile_description/meshes
creating /home/harish/ros2_ws/install/mobile_description/share/mobile_description/config
copying config/display.rviz -> /home/harish/ros2_ws/install/mobile_description/share/mobile_description/config
copying config/my_controllers.yaml -> /home/harish/ros2_ws/install/mobile_description/share/mobile_description/config
running install_egg_info
Copying ../../build/mobile_description/mobile_description.egg-info to /home/harish/ros2_ws/install/mobile_description/lib/python3.10/site-packages/mobile_description-0.0.0-py3.10.egg-info
running install_scripts
writing list of installed files to '/home/harish/ros2_ws/build/mobile_description/install.log'
