[0.402s] Invoking command in '/home/harish/ros2_ws/src/mobile_description': PYTHONPATH=/home/harish/ros2_ws/build/mobile_description/prefix_override:/home/harish/ros2_ws/install/mobile_description/lib/python3.10/site-packages:${PYTHONPATH} /usr/bin/python3 setup.py egg_info --egg-base ../../build/mobile_description build --build-base /home/harish/ros2_ws/build/mobile_description/build install --record /home/harish/ros2_ws/build/mobile_description/install.log --install-scripts $base/lib/mobile_description --single-version-externally-managed
[0.516s] /home/harish/.local/lib/python3.10/site-packages/setuptools/dist.py:717: UserWarning: Usage of dash-separated 'script-dir' will not be supported in future versions. Please use the underscore name 'script_dir' instead
[0.516s]   warnings.warn(
[0.531s] running egg_info
[0.532s] creating ../../build/mobile_description/mobile_description.egg-info
[0.532s] writing ../../build/mobile_description/mobile_description.egg-info/PKG-INFO
[0.532s] writing dependency_links to ../../build/mobile_description/mobile_description.egg-info/dependency_links.txt
[0.532s] writing entry points to ../../build/mobile_description/mobile_description.egg-info/entry_points.txt
[0.532s] writing requirements to ../../build/mobile_description/mobile_description.egg-info/requires.txt
[0.532s] writing top-level names to ../../build/mobile_description/mobile_description.egg-info/top_level.txt
[0.532s] writing manifest file '../../build/mobile_description/mobile_description.egg-info/SOURCES.txt'
[0.533s] reading manifest file '../../build/mobile_description/mobile_description.egg-info/SOURCES.txt'
[0.534s] writing manifest file '../../build/mobile_description/mobile_description.egg-info/SOURCES.txt'
[0.534s] running build
[0.534s] running build_py
[0.534s] creating /home/harish/ros2_ws/build/mobile_description/build
[0.534s] creating /home/harish/ros2_ws/build/mobile_description/build/lib
[0.534s] creating /home/harish/ros2_ws/build/mobile_description/build/lib/mobile_description
[0.534s] copying mobile_description/__init__.py -> /home/harish/ros2_ws/build/mobile_description/build/lib/mobile_description
[0.534s] running install
[0.534s] running install_lib
[0.534s] creating /home/harish/ros2_ws/install/mobile_description/lib/python3.10/site-packages/mobile_description
[0.534s] copying /home/harish/ros2_ws/build/mobile_description/build/lib/mobile_description/__init__.py -> /home/harish/ros2_ws/install/mobile_description/lib/python3.10/site-packages/mobile_description
[0.535s] byte-compiling /home/harish/ros2_ws/install/mobile_description/lib/python3.10/site-packages/mobile_description/__init__.py to __init__.cpython-310.pyc
[0.535s] running install_data
[0.535s] creating /home/harish/ros2_ws/install/mobile_description/share/mobile_description/launch
[0.535s] copying launch/gazebo.launch.py -> /home/harish/ros2_ws/install/mobile_description/share/mobile_description/launch
[0.535s] copying launch/display.launch.py -> /home/harish/ros2_ws/install/mobile_description/share/mobile_description/launch
[0.535s] creating /home/harish/ros2_ws/install/mobile_description/share/mobile_description/urdf
[0.535s] copying urdf/mobile.trans -> /home/harish/ros2_ws/install/mobile_description/share/mobile_description/urdf
[0.535s] copying urdf/mobile.gazebo -> /home/harish/ros2_ws/install/mobile_description/share/mobile_description/urdf
[0.535s] copying urdf/ros2_control.xacro -> /home/harish/ros2_ws/install/mobile_description/share/mobile_description/urdf
[0.535s] copying urdf/materials.xacro -> /home/harish/ros2_ws/install/mobile_description/share/mobile_description/urdf
[0.535s] copying urdf/mobile.xacro -> /home/harish/ros2_ws/install/mobile_description/share/mobile_description/urdf
[0.535s] creating /home/harish/ros2_ws/install/mobile_description/share/mobile_description/meshes
[0.535s] copying meshes/base_link.stl -> /home/harish/ros2_ws/install/mobile_description/share/mobile_description/meshes
[0.535s] copying meshes/left_wheel_1.stl -> /home/harish/ros2_ws/install/mobile_description/share/mobile_description/meshes
[0.535s] copying meshes/right_wheel_1.stl -> /home/harish/ros2_ws/install/mobile_description/share/mobile_description/meshes
[0.535s] creating /home/harish/ros2_ws/install/mobile_description/share/mobile_description/config
[0.535s] copying config/display.rviz -> /home/harish/ros2_ws/install/mobile_description/share/mobile_description/config
[0.535s] copying config/my_controllers.yaml -> /home/harish/ros2_ws/install/mobile_description/share/mobile_description/config
[0.535s] running install_egg_info
[0.536s] Copying ../../build/mobile_description/mobile_description.egg-info to /home/harish/ros2_ws/install/mobile_description/lib/python3.10/site-packages/mobile_description-0.0.0-py3.10.egg-info
[0.537s] running install_scripts
[0.548s] writing list of installed files to '/home/harish/ros2_ws/build/mobile_description/install.log'
[0.564s] Invoked command in '/home/harish/ros2_ws/src/mobile_description' returned '0': PYTHONPATH=/home/harish/ros2_ws/build/mobile_description/prefix_override:/home/harish/ros2_ws/install/mobile_description/lib/python3.10/site-packages:${PYTHONPATH} /usr/bin/python3 setup.py egg_info --egg-base ../../build/mobile_description build --build-base /home/harish/ros2_ws/build/mobile_description/build install --record /home/harish/ros2_ws/build/mobile_description/install.log --install-scripts $base/lib/mobile_description --single-version-externally-managed
