[0.032s] Invoking command in '/home/harish/ros2_ws/build/mobile_description': CMAKE_PREFIX_PATH=/opt/ros/humble /usr/bin/cmake /home/harish/ros2_ws/src/mobile_description -DCMAKE_INSTALL_PREFIX=/home/harish/ros2_ws/install/mobile_description
[0.132s] -- The C compiler identification is GNU 11.4.0
[0.214s] -- The CXX compiler identification is GNU 11.4.0
[0.222s] -- Detecting C compiler ABI info
[0.268s] -- Detecting C compiler ABI info - done
[0.272s] -- Check for working C compiler: /usr/bin/cc - skipped
[0.272s] -- Detecting C compile features
[0.273s] -- Detecting C compile features - done
[0.275s] -- Detecting CXX compiler ABI info
[0.322s] -- Detecting CXX compiler ABI info - done
[0.327s] -- Check for working CXX compiler: /usr/bin/c++ - skipped
[0.327s] -- Detecting CXX compile features
[0.327s] -- Detecting CXX compile features - done
[0.329s] -- Found ament_cmake: 1.3.6 (/opt/ros/humble/share/ament_cmake/cmake)
[0.429s] -- Found Python3: /usr/bin/python3.10 (found version "3.10.12") found components: Interpreter 
[0.484s] -- Found ament_lint_auto: 0.12.9 (/opt/ros/humble/share/ament_lint_auto/cmake)
[0.530s] -- Added test 'lint_cmake' to check CMake code style
[0.530s] -- Added test 'xmllint' to check XML markup files
[0.531s] -- Configuring done
[0.532s] -- Generating done
[0.533s] -- Build files have been written to: /home/harish/ros2_ws/build/mobile_description
[0.536s] Invoked command in '/home/harish/ros2_ws/build/mobile_description' returned '0': CMAKE_PREFIX_PATH=/opt/ros/humble /usr/bin/cmake /home/harish/ros2_ws/src/mobile_description -DCMAKE_INSTALL_PREFIX=/home/harish/ros2_ws/install/mobile_description
[0.537s] Invoking command in '/home/harish/ros2_ws/build/mobile_description': CMAKE_PREFIX_PATH=/opt/ros/humble /usr/bin/cmake --build /home/harish/ros2_ws/build/mobile_description -- -j12 -l12
[0.558s] Invoked command in '/home/harish/ros2_ws/build/mobile_description' returned '0': CMAKE_PREFIX_PATH=/opt/ros/humble /usr/bin/cmake --build /home/harish/ros2_ws/build/mobile_description -- -j12 -l12
[0.575s] Invoking command in '/home/harish/ros2_ws/build/mobile_description': CMAKE_PREFIX_PATH=/opt/ros/humble /usr/bin/cmake --install /home/harish/ros2_ws/build/mobile_description
[0.578s] -- Install configuration: ""
[0.579s] -- Installing: /home/harish/ros2_ws/install/mobile_description/share/ament_index/resource_index/package_run_dependencies/mobile_description
[0.579s] -- Installing: /home/harish/ros2_ws/install/mobile_description/share/ament_index/resource_index/parent_prefix_path/mobile_description
[0.579s] -- Installing: /home/harish/ros2_ws/install/mobile_description/share/mobile_description/environment/ament_prefix_path.sh
[0.579s] -- Installing: /home/harish/ros2_ws/install/mobile_description/share/mobile_description/environment/ament_prefix_path.dsv
[0.579s] -- Installing: /home/harish/ros2_ws/install/mobile_description/share/mobile_description/environment/path.sh
[0.579s] -- Installing: /home/harish/ros2_ws/install/mobile_description/share/mobile_description/environment/path.dsv
[0.579s] -- Installing: /home/harish/ros2_ws/install/mobile_description/share/mobile_description/local_setup.bash
[0.579s] -- Installing: /home/harish/ros2_ws/install/mobile_description/share/mobile_description/local_setup.sh
[0.579s] -- Installing: /home/harish/ros2_ws/install/mobile_description/share/mobile_description/local_setup.zsh
[0.579s] -- Installing: /home/harish/ros2_ws/install/mobile_description/share/mobile_description/local_setup.dsv
[0.580s] -- Installing: /home/harish/ros2_ws/install/mobile_description/share/mobile_description/package.dsv
[0.580s] -- Installing: /home/harish/ros2_ws/install/mobile_description/share/ament_index/resource_index/packages/mobile_description
[0.580s] -- Installing: /home/harish/ros2_ws/install/mobile_description/share/mobile_description/cmake/mobile_descriptionConfig.cmake
[0.580s] -- Installing: /home/harish/ros2_ws/install/mobile_description/share/mobile_description/cmake/mobile_descriptionConfig-version.cmake
[0.580s] -- Installing: /home/harish/ros2_ws/install/mobile_description/share/mobile_description/package.xml
[0.580s] Invoked command in '/home/harish/ros2_ws/build/mobile_description' returned '0': CMAKE_PREFIX_PATH=/opt/ros/humble /usr/bin/cmake --install /home/harish/ros2_ws/build/mobile_description
