[0.058s] DEBUG:colcon:Command line arguments: ['/usr/bin/colcon', 'build', '--symlink-install']
[0.058s] DEBUG:colcon:Parsed command line arguments: Namespace(log_base=None, log_level=None, verb_name='build', build_base='build', install_base='install', merge_install=False, symlink_install=True, test_result_base=None, continue_on_error=False, executor='parallel', parallel_workers=12, event_handlers=None, ignore_user_meta=False, metas=['./colcon.meta'], base_paths=['.'], packages_ignore=None, packages_ignore_regex=None, paths=None, packages_up_to=None, packages_up_to_regex=None, packages_above=None, packages_above_and_dependencies=None, packages_above_depth=None, packages_select_by_dep=None, packages_skip_by_dep=None, packages_skip_up_to=None, packages_select_build_failed=False, packages_skip_build_finished=False, packages_select_test_failures=False, packages_skip_test_passed=False, packages_select=None, packages_skip=None, packages_select_regex=None, packages_skip_regex=None, packages_start=None, packages_end=None, allow_overriding=[], cmake_args=None, cmake_target=None, cmake_target_skip_unavailable=False, cmake_clean_cache=False, cmake_clean_first=False, cmake_force_configure=False, ament_cmake_args=None, catkin_cmake_args=None, catkin_skip_building_tests=False, mixin_files=None, mixin=None, verb_parser=<colcon_mixin.mixin.mixin_argument.MixinArgumentDecorator object at 0x773b3d1d31f0>, verb_extension=<colcon_core.verb.build.BuildVerb object at 0x773b3d1d2d40>, main=<bound method BuildVerb.main of <colcon_core.verb.build.BuildVerb object at 0x773b3d1d2d40>>, mixin_verb=('build',))
[0.152s] Level 1:colcon.colcon_core.package_discovery:discover_packages(colcon_meta) check parameters
[0.152s] Level 1:colcon.colcon_core.package_discovery:discover_packages(recursive) check parameters
[0.152s] Level 1:colcon.colcon_core.package_discovery:discover_packages(ignore) check parameters
[0.152s] Level 1:colcon.colcon_core.package_discovery:discover_packages(path) check parameters
[0.152s] Level 1:colcon.colcon_core.package_discovery:discover_packages(colcon_meta) discover
[0.152s] Level 1:colcon.colcon_core.package_discovery:discover_packages(recursive) discover
[0.152s] INFO:colcon.colcon_core.package_discovery:Crawling recursively for packages in '/home/harish/ros2_ws'
[0.152s] Level 1:colcon.colcon_core.package_identification:_identify(.) by extensions ['ignore', 'ignore_ament_install']
[0.153s] Level 1:colcon.colcon_core.package_identification:_identify(.) by extension 'ignore'
[0.153s] Level 1:colcon.colcon_core.package_identification:_identify(.) by extension 'ignore_ament_install'
[0.153s] Level 1:colcon.colcon_core.package_identification:_identify(.) by extensions ['colcon_pkg']
[0.153s] Level 1:colcon.colcon_core.package_identification:_identify(.) by extension 'colcon_pkg'
[0.153s] Level 1:colcon.colcon_core.package_identification:_identify(.) by extensions ['colcon_meta']
[0.153s] Level 1:colcon.colcon_core.package_identification:_identify(.) by extension 'colcon_meta'
[0.153s] Level 1:colcon.colcon_core.package_identification:_identify(.) by extensions ['ros']
[0.153s] Level 1:colcon.colcon_core.package_identification:_identify(.) by extension 'ros'
[0.165s] Level 1:colcon.colcon_core.package_identification:_identify(.) by extensions ['cmake', 'python']
[0.165s] Level 1:colcon.colcon_core.package_identification:_identify(.) by extension 'cmake'
[0.165s] Level 1:colcon.colcon_core.package_identification:_identify(.) by extension 'python'
[0.165s] Level 1:colcon.colcon_core.package_identification:_identify(.) by extensions ['python_setup_py']
[0.165s] Level 1:colcon.colcon_core.package_identification:_identify(.) by extension 'python_setup_py'
[0.165s] Level 1:colcon.colcon_core.package_identification:_identify(build) by extensions ['ignore', 'ignore_ament_install']
[0.165s] Level 1:colcon.colcon_core.package_identification:_identify(build) by extension 'ignore'
[0.165s] Level 1:colcon.colcon_core.package_identification:_identify(build) ignored
[0.165s] Level 1:colcon.colcon_core.package_identification:_identify(install) by extensions ['ignore', 'ignore_ament_install']
[0.165s] Level 1:colcon.colcon_core.package_identification:_identify(install) by extension 'ignore'
[0.165s] Level 1:colcon.colcon_core.package_identification:_identify(install) ignored
[0.165s] Level 1:colcon.colcon_core.package_identification:_identify(log) by extensions ['ignore', 'ignore_ament_install']
[0.165s] Level 1:colcon.colcon_core.package_identification:_identify(log) by extension 'ignore'
[0.165s] Level 1:colcon.colcon_core.package_identification:_identify(log) ignored
[0.165s] Level 1:colcon.colcon_core.package_identification:_identify(src) by extensions ['ignore', 'ignore_ament_install']
[0.165s] Level 1:colcon.colcon_core.package_identification:_identify(src) by extension 'ignore'
[0.165s] Level 1:colcon.colcon_core.package_identification:_identify(src) by extension 'ignore_ament_install'
[0.165s] Level 1:colcon.colcon_core.package_identification:_identify(src) by extensions ['colcon_pkg']
[0.165s] Level 1:colcon.colcon_core.package_identification:_identify(src) by extension 'colcon_pkg'
[0.165s] Level 1:colcon.colcon_core.package_identification:_identify(src) by extensions ['colcon_meta']
[0.165s] Level 1:colcon.colcon_core.package_identification:_identify(src) by extension 'colcon_meta'
[0.165s] Level 1:colcon.colcon_core.package_identification:_identify(src) by extensions ['ros']
[0.165s] Level 1:colcon.colcon_core.package_identification:_identify(src) by extension 'ros'
[0.165s] Level 1:colcon.colcon_core.package_identification:_identify(src) by extensions ['cmake', 'python']
[0.165s] Level 1:colcon.colcon_core.package_identification:_identify(src) by extension 'cmake'
[0.166s] Level 1:colcon.colcon_core.package_identification:_identify(src) by extension 'python'
[0.166s] Level 1:colcon.colcon_core.package_identification:_identify(src) by extensions ['python_setup_py']
[0.166s] Level 1:colcon.colcon_core.package_identification:_identify(src) by extension 'python_setup_py'
[0.166s] Level 1:colcon.colcon_core.package_identification:_identify(src/mobile_description) by extensions ['ignore', 'ignore_ament_install']
[0.166s] Level 1:colcon.colcon_core.package_identification:_identify(src/mobile_description) by extension 'ignore'
[0.166s] Level 1:colcon.colcon_core.package_identification:_identify(src/mobile_description) by extension 'ignore_ament_install'
[0.166s] Level 1:colcon.colcon_core.package_identification:_identify(src/mobile_description) by extensions ['colcon_pkg']
[0.166s] Level 1:colcon.colcon_core.package_identification:_identify(src/mobile_description) by extension 'colcon_pkg'
[0.166s] Level 1:colcon.colcon_core.package_identification:_identify(src/mobile_description) by extensions ['colcon_meta']
[0.166s] Level 1:colcon.colcon_core.package_identification:_identify(src/mobile_description) by extension 'colcon_meta'
[0.166s] Level 1:colcon.colcon_core.package_identification:_identify(src/mobile_description) by extensions ['ros']
[0.166s] Level 1:colcon.colcon_core.package_identification:_identify(src/mobile_description) by extension 'ros'
[0.167s] DEBUG:colcon.colcon_core.package_identification:Package 'src/mobile_description' with type 'ros.ament_python' and name 'mobile_description'
[0.167s] Level 1:colcon.colcon_core.package_discovery:discover_packages(recursive) using defaults
[0.167s] Level 1:colcon.colcon_core.package_discovery:discover_packages(ignore) discover
[0.167s] Level 1:colcon.colcon_core.package_discovery:discover_packages(ignore) using defaults
[0.167s] Level 1:colcon.colcon_core.package_discovery:discover_packages(path) discover
[0.168s] Level 1:colcon.colcon_core.package_discovery:discover_packages(path) using defaults
[0.178s] Level 1:colcon.colcon_core.package_discovery:discover_packages(prefix_path) check parameters
[0.178s] Level 1:colcon.colcon_core.package_discovery:discover_packages(prefix_path) discover
[0.179s] DEBUG:colcon.colcon_installed_package_information.package_discovery:Found 5 installed packages in /home/harish/ros2_rs/install
[0.180s] DEBUG:colcon.colcon_installed_package_information.package_discovery:Found 2 installed packages in /home/harish/urdf_wo/install
[0.180s] DEBUG:colcon.colcon_installed_package_information.package_discovery:Found 1 installed packages in /home/harish/ros2_ws/install
[0.180s] DEBUG:colcon.colcon_installed_package_information.package_discovery:Found 1 installed packages in /home/harish/install
[0.181s] DEBUG:colcon.colcon_installed_package_information.package_discovery:Found 431 installed packages in /opt/ros/humble
[0.182s] Level 1:colcon.colcon_core.package_discovery:discover_packages(prefix_path) using defaults
[0.208s] Level 5:colcon.colcon_core.verb:set package 'mobile_description' build argument 'cmake_args' from command line to 'None'
[0.208s] Level 5:colcon.colcon_core.verb:set package 'mobile_description' build argument 'cmake_target' from command line to 'None'
[0.208s] Level 5:colcon.colcon_core.verb:set package 'mobile_description' build argument 'cmake_target_skip_unavailable' from command line to 'False'
[0.208s] Level 5:colcon.colcon_core.verb:set package 'mobile_description' build argument 'cmake_clean_cache' from command line to 'False'
[0.208s] Level 5:colcon.colcon_core.verb:set package 'mobile_description' build argument 'cmake_clean_first' from command line to 'False'
[0.208s] Level 5:colcon.colcon_core.verb:set package 'mobile_description' build argument 'cmake_force_configure' from command line to 'False'
[0.208s] Level 5:colcon.colcon_core.verb:set package 'mobile_description' build argument 'ament_cmake_args' from command line to 'None'
[0.208s] Level 5:colcon.colcon_core.verb:set package 'mobile_description' build argument 'catkin_cmake_args' from command line to 'None'
[0.208s] Level 5:colcon.colcon_core.verb:set package 'mobile_description' build argument 'catkin_skip_building_tests' from command line to 'False'
[0.208s] DEBUG:colcon.colcon_core.verb:Building package 'mobile_description' with the following arguments: {'ament_cmake_args': None, 'build_base': '/home/harish/ros2_ws/build/mobile_description', 'catkin_cmake_args': None, 'catkin_skip_building_tests': False, 'cmake_args': None, 'cmake_clean_cache': False, 'cmake_clean_first': False, 'cmake_force_configure': False, 'cmake_target': None, 'cmake_target_skip_unavailable': False, 'install_base': '/home/harish/ros2_ws/install/mobile_description', 'merge_install': False, 'path': '/home/harish/ros2_ws/src/mobile_description', 'symlink_install': True, 'test_result_base': None}
[0.208s] INFO:colcon.colcon_core.executor:Executing jobs using 'parallel' executor
[0.209s] DEBUG:colcon.colcon_parallel_executor.executor.parallel:run_until_complete
[0.209s] INFO:colcon.colcon_ros.task.ament_python.build:Building ROS package in '/home/harish/ros2_ws/src/mobile_description' with build type 'ament_python'
[0.209s] Level 1:colcon.colcon_core.shell:create_environment_hook('mobile_description', 'ament_prefix_path')
[0.210s] INFO:colcon.colcon_core.plugin_system:Skipping extension 'colcon_core.shell.bat': Not used on non-Windows systems
[0.210s] INFO:colcon.colcon_core.shell:Creating environment hook '/home/harish/ros2_ws/install/mobile_description/share/mobile_description/hook/ament_prefix_path.ps1'
[0.211s] INFO:colcon.colcon_core.shell:Creating environment descriptor '/home/harish/ros2_ws/install/mobile_description/share/mobile_description/hook/ament_prefix_path.dsv'
[0.211s] INFO:colcon.colcon_core.shell:Creating environment hook '/home/harish/ros2_ws/install/mobile_description/share/mobile_description/hook/ament_prefix_path.sh'
[0.211s] INFO:colcon.colcon_core.shell:Skip shell extension 'powershell' for command environment: Not usable outside of PowerShell
[0.211s] DEBUG:colcon.colcon_core.shell:Skip shell extension 'dsv' for command environment
[0.360s] INFO:colcon.colcon_core.task.python.build:Building Python package in '/home/harish/ros2_ws/src/mobile_description'
[0.360s] INFO:colcon.colcon_core.shell:Skip shell extension 'powershell' for command environment: Not usable outside of PowerShell
[0.360s] DEBUG:colcon.colcon_core.shell:Skip shell extension 'dsv' for command environment
[0.560s] DEBUG:colcon.colcon_core.task.python.build:While undoing a previous installation files outside the Python library path are being ignored: /home/harish/ros2_ws/install/mobile_description/share/ament_index/resource_index/packages/mobile_description
[0.560s] DEBUG:colcon.colcon_core.task.python.build:While undoing a previous installation files outside the Python library path are being ignored: /home/harish/ros2_ws/install/mobile_description/share/mobile_description/package.xml
[0.560s] DEBUG:colcon.colcon_core.task.python.build:While undoing a previous installation files outside the Python library path are being ignored: /home/harish/ros2_ws/install/mobile_description/share/mobile_description/launch/gazebo.launch.py
[0.560s] DEBUG:colcon.colcon_core.task.python.build:While undoing a previous installation files outside the Python library path are being ignored: /home/harish/ros2_ws/install/mobile_description/share/mobile_description/launch/display.launch.py
[0.560s] DEBUG:colcon.colcon_core.task.python.build:While undoing a previous installation files outside the Python library path are being ignored: /home/harish/ros2_ws/install/mobile_description/share/mobile_description/urdf/mobile.trans
[0.560s] DEBUG:colcon.colcon_core.task.python.build:While undoing a previous installation files outside the Python library path are being ignored: /home/harish/ros2_ws/install/mobile_description/share/mobile_description/urdf/mobile.gazebo
[0.560s] DEBUG:colcon.colcon_core.task.python.build:While undoing a previous installation files outside the Python library path are being ignored: /home/harish/ros2_ws/install/mobile_description/share/mobile_description/urdf/materials.xacro
[0.560s] DEBUG:colcon.colcon_core.task.python.build:While undoing a previous installation files outside the Python library path are being ignored: /home/harish/ros2_ws/install/mobile_description/share/mobile_description/urdf/mobile.xacro
[0.560s] DEBUG:colcon.colcon_core.task.python.build:While undoing a previous installation files outside the Python library path are being ignored: /home/harish/ros2_ws/install/mobile_description/share/mobile_description/meshes/base_link.stl
[0.560s] DEBUG:colcon.colcon_core.task.python.build:While undoing a previous installation files outside the Python library path are being ignored: /home/harish/ros2_ws/install/mobile_description/share/mobile_description/meshes/left_wheel_1.stl
[0.560s] DEBUG:colcon.colcon_core.task.python.build:While undoing a previous installation files outside the Python library path are being ignored: /home/harish/ros2_ws/install/mobile_description/share/mobile_description/meshes/right_wheel_1.stl
[0.560s] DEBUG:colcon.colcon_core.task.python.build:While undoing a previous installation files outside the Python library path are being ignored: /home/harish/ros2_ws/install/mobile_description/share/mobile_description/config/display.rviz
[0.565s] DEBUG:colcon.colcon_core.event_handler.log_command:Invoking command in '/home/harish/ros2_ws/build/mobile_description': PYTHONPATH=/home/harish/ros2_ws/build/mobile_description/prefix_override:/home/harish/ros2_ws/install/mobile_description/lib/python3.10/site-packages:${PYTHONPATH} /usr/bin/python3 -W ignore:setup.py install is deprecated setup.py develop --editable --build-directory /home/harish/ros2_ws/build/mobile_description/build --no-deps symlink_data --force
[0.816s] DEBUG:colcon.colcon_core.event_handler.log_command:Invoked command in '/home/harish/ros2_ws/build/mobile_description' returned '1': PYTHONPATH=/home/harish/ros2_ws/build/mobile_description/prefix_override:/home/harish/ros2_ws/install/mobile_description/lib/python3.10/site-packages:${PYTHONPATH} /usr/bin/python3 -W ignore:setup.py install is deprecated setup.py develop --editable --build-directory /home/harish/ros2_ws/build/mobile_description/build --no-deps symlink_data --force
[0.826s] DEBUG:colcon.colcon_parallel_executor.executor.parallel:closing loop
[0.826s] DEBUG:colcon.colcon_parallel_executor.executor.parallel:loop closed
[0.826s] DEBUG:colcon.colcon_parallel_executor.executor.parallel:run_until_complete finished with '1'
[0.826s] DEBUG:colcon.colcon_core.event_reactor:joining thread
[0.830s] INFO:colcon.colcon_core.plugin_system:Skipping extension 'colcon_notification.desktop_notification.terminal_notifier': Not used on non-Darwin systems
[0.830s] INFO:colcon.colcon_core.plugin_system:Skipping extension 'colcon_notification.desktop_notification.win32': Not used on non-Windows systems
[0.830s] INFO:colcon.colcon_notification.desktop_notification:Sending desktop notification using 'notify2'
[0.837s] DEBUG:colcon.colcon_core.event_reactor:joined thread
[0.837s] INFO:colcon.colcon_core.shell:Creating prefix script '/home/harish/ros2_ws/install/local_setup.ps1'
[0.838s] INFO:colcon.colcon_core.shell:Creating prefix util module '/home/harish/ros2_ws/install/_local_setup_util_ps1.py'
[0.839s] INFO:colcon.colcon_core.shell:Creating prefix chain script '/home/harish/ros2_ws/install/setup.ps1'
[0.840s] INFO:colcon.colcon_core.shell:Creating prefix script '/home/harish/ros2_ws/install/local_setup.sh'
[0.840s] INFO:colcon.colcon_core.shell:Creating prefix util module '/home/harish/ros2_ws/install/_local_setup_util_sh.py'
[0.840s] INFO:colcon.colcon_core.shell:Creating prefix chain script '/home/harish/ros2_ws/install/setup.sh'
[0.841s] INFO:colcon.colcon_core.shell:Creating prefix script '/home/harish/ros2_ws/install/local_setup.bash'
[0.841s] INFO:colcon.colcon_core.shell:Creating prefix chain script '/home/harish/ros2_ws/install/setup.bash'
[0.842s] INFO:colcon.colcon_core.shell:Creating prefix script '/home/harish/ros2_ws/install/local_setup.zsh'
[0.842s] INFO:colcon.colcon_core.shell:Creating prefix chain script '/home/harish/ros2_ws/install/setup.zsh'
