/home/harish/ros2_ws/install/mobile_description/lib/python3.10/site-packages/mobile_description/__init__.py
/home/harish/ros2_ws/install/mobile_description/lib/python3.10/site-packages/mobile_description/__pycache__/__init__.cpython-310.pyc
/home/harish/ros2_ws/install/mobile_description/share/ament_index/resource_index/packages/mobile_description
/home/harish/ros2_ws/install/mobile_description/share/mobile_description/package.xml
/home/harish/ros2_ws/install/mobile_description/share/mobile_description/launch/gazebo.launch.py
/home/harish/ros2_ws/install/mobile_description/share/mobile_description/launch/display.launch.py
/home/harish/ros2_ws/install/mobile_description/share/mobile_description/urdf/mobile.trans
/home/harish/ros2_ws/install/mobile_description/share/mobile_description/urdf/mobile.gazebo
/home/harish/ros2_ws/install/mobile_description/share/mobile_description/urdf/materials.xacro
/home/harish/ros2_ws/install/mobile_description/share/mobile_description/urdf/mobile.xacro
/home/harish/ros2_ws/install/mobile_description/share/mobile_description/meshes/base_link.stl
/home/harish/ros2_ws/install/mobile_description/share/mobile_description/meshes/left_wheel_1.stl
/home/harish/ros2_ws/install/mobile_description/share/mobile_description/meshes/right_wheel_1.stl
/home/harish/ros2_ws/install/mobile_description/share/mobile_description/config/display.rviz
/home/harish/ros2_ws/install/mobile_description/lib/python3.10/site-packages/mobile_description-0.0.0-py3.10.egg-info/zip-safe
/home/harish/ros2_ws/install/mobile_description/lib/python3.10/site-packages/mobile_description-0.0.0-py3.10.egg-info/entry_points.txt
/home/harish/ros2_ws/install/mobile_description/lib/python3.10/site-packages/mobile_description-0.0.0-py3.10.egg-info/SOURCES.txt
/home/harish/ros2_ws/install/mobile_description/lib/python3.10/site-packages/mobile_description-0.0.0-py3.10.egg-info/PKG-INFO
/home/harish/ros2_ws/install/mobile_description/lib/python3.10/site-packages/mobile_description-0.0.0-py3.10.egg-info/dependency_links.txt
/home/harish/ros2_ws/install/mobile_description/lib/python3.10/site-packages/mobile_description-0.0.0-py3.10.egg-info/requires.txt
/home/harish/ros2_ws/install/mobile_description/lib/python3.10/site-packages/mobile_description-0.0.0-py3.10.egg-info/top_level.txt
