[0.527s] Invoking command in '/home/harish/ros2_ws/build/mobile_description': PYTHONPATH=/home/harish/ros2_ws/build/mobile_description/prefix_override:/home/harish/ros2_ws/install/mobile_description/lib/python3.10/site-packages:${PYTHONPATH} /usr/bin/python3 setup.py develop --uninstall --editable --build-directory /home/harish/ros2_ws/build/mobile_description/build
[0.668s] running develop
[0.749s] Removing /home/harish/ros2_ws/install/mobile_description/lib/python3.10/site-packages/mobile-description.egg-link (link to .)
[0.768s] Invoked command in '/home/harish/ros2_ws/build/mobile_description' returned '0': PYTHONPATH=/home/harish/ros2_ws/build/mobile_description/prefix_override:/home/harish/ros2_ws/install/mobile_description/lib/python3.10/site-packages:${PYTHONPATH} /usr/bin/python3 setup.py develop --uninstall --editable --build-directory /home/harish/ros2_ws/build/mobile_description/build
[0.769s] Invoking command in '/home/harish/ros2_ws/src/mobile_description': PYTHONPATH=/home/harish/ros2_ws/build/mobile_description/prefix_override:/home/harish/ros2_ws/install/mobile_description/lib/python3.10/site-packages:${PYTHONPATH} /usr/bin/python3 setup.py egg_info --egg-base ../../build/mobile_description build --build-base /home/harish/ros2_ws/build/mobile_description/build install --record /home/harish/ros2_ws/build/mobile_description/install.log --single-version-externally-managed
[0.898s] running egg_info
[0.898s] writing ../../build/mobile_description/mobile_description.egg-info/PKG-INFO
[0.898s] writing dependency_links to ../../build/mobile_description/mobile_description.egg-info/dependency_links.txt
[0.898s] writing entry points to ../../build/mobile_description/mobile_description.egg-info/entry_points.txt
[0.898s] writing requirements to ../../build/mobile_description/mobile_description.egg-info/requires.txt
[0.898s] writing top-level names to ../../build/mobile_description/mobile_description.egg-info/top_level.txt
[0.899s] reading manifest file '../../build/mobile_description/mobile_description.egg-info/SOURCES.txt'
[0.900s] writing manifest file '../../build/mobile_description/mobile_description.egg-info/SOURCES.txt'
[0.900s] running build
[0.900s] running build_py
[0.901s] running install
[0.901s] running install_lib
[0.902s] creating /home/harish/ros2_ws/install/mobile_description/lib/python3.10/site-packages/mobile_description
[0.902s] copying /home/harish/ros2_ws/build/mobile_description/build/lib/mobile_description/__init__.py -> /home/harish/ros2_ws/install/mobile_description/lib/python3.10/site-packages/mobile_description
[0.902s] byte-compiling /home/harish/ros2_ws/install/mobile_description/lib/python3.10/site-packages/mobile_description/__init__.py to __init__.cpython-310.pyc
[0.902s] running install_data
[0.903s] running install_egg_info
[0.904s] Copying ../../build/mobile_description/mobile_description.egg-info to /home/harish/ros2_ws/install/mobile_description/lib/python3.10/site-packages/mobile_description-0.0.0-py3.10.egg-info
[0.904s] running install_scripts
[0.916s] writing list of installed files to '/home/harish/ros2_ws/build/mobile_description/install.log'
[0.932s] Invoked command in '/home/harish/ros2_ws/src/mobile_description' returned '0': PYTHONPATH=/home/harish/ros2_ws/build/mobile_description/prefix_override:/home/harish/ros2_ws/install/mobile_description/lib/python3.10/site-packages:${PYTHONPATH} /usr/bin/python3 setup.py egg_info --egg-base ../../build/mobile_description build --build-base /home/harish/ros2_ws/build/mobile_description/build install --record /home/harish/ros2_ws/build/mobile_description/install.log --single-version-externally-managed
