[0.421s] Invoking command in '/home/harish/ros2_ws/build/mobile_description': PYTHONPATH=/home/harish/ros2_ws/build/mobile_description/prefix_override:/home/harish/ros2_ws/install/mobile_description/lib/python3.10/site-packages:${PYTHONPATH} /usr/bin/python3 setup.py develop --uninstall --editable --build-directory /home/harish/ros2_ws/build/mobile_description/build
[0.571s] running develop
[0.651s] Removing /home/harish/ros2_ws/install/mobile_description/lib/python3.10/site-packages/mobile-description.egg-link (link to .)
[0.669s] Invoked command in '/home/harish/ros2_ws/build/mobile_description' returned '0': PYTHONPATH=/home/harish/ros2_ws/build/mobile_description/prefix_override:/home/harish/ros2_ws/install/mobile_description/lib/python3.10/site-packages:${PYTHONPATH} /usr/bin/python3 setup.py develop --uninstall --editable --build-directory /home/harish/ros2_ws/build/mobile_description/build
[0.670s] Invoking command in '/home/harish/ros2_ws/src/mobile_description': PYTHONPATH=/home/harish/ros2_ws/build/mobile_description/prefix_override:/home/harish/ros2_ws/install/mobile_description/lib/python3.10/site-packages:${PYTHONPATH} /usr/bin/python3 setup.py egg_info --egg-base ../../build/mobile_description build --build-base /home/harish/ros2_ws/build/mobile_description/build install --record /home/harish/ros2_ws/build/mobile_description/install.log --single-version-externally-managed
[0.803s] running egg_info
[0.803s] writing ../../build/mobile_description/mobile_description.egg-info/PKG-INFO
[0.803s] writing dependency_links to ../../build/mobile_description/mobile_description.egg-info/dependency_links.txt
[0.803s] writing entry points to ../../build/mobile_description/mobile_description.egg-info/entry_points.txt
[0.803s] writing requirements to ../../build/mobile_description/mobile_description.egg-info/requires.txt
[0.803s] writing top-level names to ../../build/mobile_description/mobile_description.egg-info/top_level.txt
[0.804s] reading manifest file '../../build/mobile_description/mobile_description.egg-info/SOURCES.txt'
[0.804s] writing manifest file '../../build/mobile_description/mobile_description.egg-info/SOURCES.txt'
[0.805s] running build
[0.805s] running build_py
[0.805s] running install
[0.805s] running install_lib
[0.805s] creating /home/harish/ros2_ws/install/mobile_description/lib/python3.10/site-packages/mobile_description
[0.805s] copying /home/harish/ros2_ws/build/mobile_description/build/lib/mobile_description/__init__.py -> /home/harish/ros2_ws/install/mobile_description/lib/python3.10/site-packages/mobile_description
[0.805s] byte-compiling /home/harish/ros2_ws/install/mobile_description/lib/python3.10/site-packages/mobile_description/__init__.py to __init__.cpython-310.pyc
[0.806s] running install_data
[0.806s] running install_egg_info
[0.807s] Copying ../../build/mobile_description/mobile_description.egg-info to /home/harish/ros2_ws/install/mobile_description/lib/python3.10/site-packages/mobile_description-0.0.0-py3.10.egg-info
[0.807s] running install_scripts
[0.819s] writing list of installed files to '/home/harish/ros2_ws/build/mobile_description/install.log'
[0.836s] Invoked command in '/home/harish/ros2_ws/src/mobile_description' returned '0': PYTHONPATH=/home/harish/ros2_ws/build/mobile_description/prefix_override:/home/harish/ros2_ws/install/mobile_description/lib/python3.10/site-packages:${PYTHONPATH} /usr/bin/python3 setup.py egg_info --egg-base ../../build/mobile_description build --build-base /home/harish/ros2_ws/build/mobile_description/build install --record /home/harish/ros2_ws/build/mobile_description/install.log --single-version-externally-managed
