/home/harish/.local/lib/python3.10/site-packages/setuptools/dist.py:717: UserWarning: Usage of dash-separated 'script-dir' will not be supported in future versions. Please use the underscore name 'script_dir' instead
  warnings.warn(
running develop
running egg_info
writing mobile_description.egg-info/PKG-INFO
writing dependency_links to mobile_description.egg-info/dependency_links.txt
writing entry points to mobile_description.egg-info/entry_points.txt
writing requirements to mobile_description.egg-info/requires.txt
writing top-level names to mobile_description.egg-info/top_level.txt
reading manifest file 'mobile_description.egg-info/SOURCES.txt'
writing manifest file 'mobile_description.egg-info/SOURCES.txt'
running build_ext
Creating /home/harish/ros2_ws/install/mobile_description/lib/python3.10/site-packages/mobile-description.egg-link (link to .)

Installed /home/harish/ros2_ws/build/mobile_description
running symlink_data
symbolically linking /home/harish/ros2_ws/build/mobile_description/resource/mobile_description -> /home/harish/ros2_ws/install/mobile_description/share/ament_index/resource_index/packages
symbolically linking /home/harish/ros2_ws/build/mobile_description/package.xml -> /home/harish/ros2_ws/install/mobile_description/share/mobile_description
symbolically linking /home/harish/ros2_ws/build/mobile_description/launch/gazebo.launch.py -> /home/harish/ros2_ws/install/mobile_description/share/mobile_description/launch
symbolically linking /home/harish/ros2_ws/build/mobile_description/launch/display.launch.py -> /home/harish/ros2_ws/install/mobile_description/share/mobile_description/launch
symbolically linking /home/harish/ros2_ws/build/mobile_description/urdf/mobile.trans -> /home/harish/ros2_ws/install/mobile_description/share/mobile_description/urdf
symbolically linking /home/harish/ros2_ws/build/mobile_description/urdf/mobile.gazebo -> /home/harish/ros2_ws/install/mobile_description/share/mobile_description/urdf
error: can't copy '/home/harish/ros2_ws/build/mobile_description/urdf/ros2_control.xacro': doesn't exist or not a regular file
