[0.402s] Invoking command in '/home/harish/ros2_ws/src/mobile_description': PYTHONPATH=/home/harish/ros2_ws/build/mobile_description/prefix_override:/home/harish/ros2_ws/install/mobile_description/lib/python3.10/site-packages:${PYTHONPATH} /usr/bin/python3 setup.py egg_info --egg-base ../../build/mobile_description build --build-base /home/harish/ros2_ws/build/mobile_description/build install --record /home/harish/ros2_ws/build/mobile_description/install.log --single-version-externally-managed
[0.538s] running egg_info
[0.539s] writing ../../build/mobile_description/mobile_description.egg-info/PKG-INFO
[0.539s] writing dependency_links to ../../build/mobile_description/mobile_description.egg-info/dependency_links.txt
[0.539s] writing entry points to ../../build/mobile_description/mobile_description.egg-info/entry_points.txt
[0.539s] writing requirements to ../../build/mobile_description/mobile_description.egg-info/requires.txt
[0.539s] writing top-level names to ../../build/mobile_description/mobile_description.egg-info/top_level.txt
[0.540s] reading manifest file '../../build/mobile_description/mobile_description.egg-info/SOURCES.txt'
[0.540s] writing manifest file '../../build/mobile_description/mobile_description.egg-info/SOURCES.txt'
[0.540s] running build
[0.540s] running build_py
[0.540s] running install
[0.540s] running install_lib
[0.541s] running install_data
[0.541s] copying launch/launch_sim.launch.py -> /home/harish/ros2_ws/install/mobile_description/share/mobile_description/launch
[0.541s] running install_egg_info
[0.543s] removing '/home/harish/ros2_ws/install/mobile_description/lib/python3.10/site-packages/mobile_description-0.0.0-py3.10.egg-info' (and everything under it)
[0.543s] Copying ../../build/mobile_description/mobile_description.egg-info to /home/harish/ros2_ws/install/mobile_description/lib/python3.10/site-packages/mobile_description-0.0.0-py3.10.egg-info
[0.543s] running install_scripts
[0.555s] writing list of installed files to '/home/harish/ros2_ws/build/mobile_description/install.log'
[0.571s] Invoked command in '/home/harish/ros2_ws/src/mobile_description' returned '0': PYTHONPATH=/home/harish/ros2_ws/build/mobile_description/prefix_override:/home/harish/ros2_ws/install/mobile_description/lib/python3.10/site-packages:${PYTHONPATH} /usr/bin/python3 setup.py egg_info --egg-base ../../build/mobile_description build --build-base /home/harish/ros2_ws/build/mobile_description/build install --record /home/harish/ros2_ws/build/mobile_description/install.log --single-version-externally-managed
