[0.450s] Invoking command in '/home/harish/ros2_ws/src/mobile_description': PYTHONPATH=/home/harish/ros2_ws/build/mobile_description/prefix_override:/home/harish/ros2_ws/install/mobile_description/lib/python3.10/site-packages:${PYTHONPATH} /usr/bin/python3 setup.py egg_info --egg-base ../../build/mobile_description build --build-base /home/harish/ros2_ws/build/mobile_description/build install --record /home/harish/ros2_ws/build/mobile_description/install.log --single-version-externally-managed
[0.589s] running egg_info
[0.590s] writing ../../build/mobile_description/mobile_description.egg-info/PKG-INFO
[0.590s] writing dependency_links to ../../build/mobile_description/mobile_description.egg-info/dependency_links.txt
[0.590s] writing entry points to ../../build/mobile_description/mobile_description.egg-info/entry_points.txt
[0.590s] writing requirements to ../../build/mobile_description/mobile_description.egg-info/requires.txt
[0.590s] writing top-level names to ../../build/mobile_description/mobile_description.egg-info/top_level.txt
[0.591s] reading manifest file '../../build/mobile_description/mobile_description.egg-info/SOURCES.txt'
[0.591s] writing manifest file '../../build/mobile_description/mobile_description.egg-info/SOURCES.txt'
[0.591s] running build
[0.592s] running build_py
[0.592s] running install
[0.592s] running install_lib
[0.593s] running install_data
[0.593s] copying urdf/mobile.xacro -> /home/harish/ros2_ws/install/mobile_description/share/mobile_description/urdf
[0.593s] running install_egg_info
[0.594s] removing '/home/harish/ros2_ws/install/mobile_description/lib/python3.10/site-packages/mobile_description-0.0.0-py3.10.egg-info' (and everything under it)
[0.594s] Copying ../../build/mobile_description/mobile_description.egg-info to /home/harish/ros2_ws/install/mobile_description/lib/python3.10/site-packages/mobile_description-0.0.0-py3.10.egg-info
[0.594s] running install_scripts
[0.606s] writing list of installed files to '/home/harish/ros2_ws/build/mobile_description/install.log'
[0.622s] Invoked command in '/home/harish/ros2_ws/src/mobile_description' returned '0': PYTHONPATH=/home/harish/ros2_ws/build/mobile_description/prefix_override:/home/harish/ros2_ws/install/mobile_description/lib/python3.10/site-packages:${PYTHONPATH} /usr/bin/python3 setup.py egg_info --egg-base ../../build/mobile_description build --build-base /home/harish/ros2_ws/build/mobile_description/build install --record /home/harish/ros2_ws/build/mobile_description/install.log --single-version-externally-managed
